[2015-02-28 19:45:24,403][INFO ][node                     ] [Electric Eve] version[1.4.4], pid[2265], build[c88f77f/2015-02-19T13:05:36Z]
[2015-02-28 19:45:24,404][INFO ][node                     ] [Electric Eve] initializing ...
[2015-02-28 19:45:24,413][INFO ][plugins                  ] [Electric Eve] loaded [], sites []
[2015-02-28 19:45:28,627][INFO ][node                     ] [Electric Eve] initialized
[2015-02-28 19:45:28,628][INFO ][node                     ] [Electric Eve] starting ...
[2015-02-28 19:45:28,876][INFO ][transport                ] [Electric Eve] bound_address {inet[/0:0:0:0:0:0:0:0:9300]}, publish_address {inet[/192.168.0.13:9300]}
[2015-02-28 19:45:28,964][INFO ][discovery                ] [Electric Eve] elasticsearch/9xLzgzxgSseAT4KNug9gzg
[2015-02-28 19:45:32,764][INFO ][cluster.service          ] [Electric Eve] new_master [Electric Eve][9xLzgzxgSseAT4KNug9gzg][pablotomasborda-mac.local][inet[/192.168.0.13:9300]], reason: zen-disco-join (elected_as_master)
[2015-02-28 19:45:32,799][INFO ][http                     ] [Electric Eve] bound_address {inet[/0:0:0:0:0:0:0:0:9200]}, publish_address {inet[/192.168.0.13:9200]}
[2015-02-28 19:45:32,799][INFO ][node                     ] [Electric Eve] started
[2015-02-28 19:45:32,827][INFO ][gateway                  ] [Electric Eve] recovered [0] indices into cluster_state
[2015-02-28 19:46:02,806][WARN ][cluster.routing.allocation.decider] [Electric Eve] high disk watermark [10%] exceeded on [9xLzgzxgSseAT4KNug9gzg][Electric Eve] free: 792.8mb[0.6%], shards will be relocated away from this node
[2015-02-28 19:46:02,807][INFO ][cluster.routing.allocation.decider] [Electric Eve] high disk watermark exceeded on one or more nodes, rerouting shards
[2015-02-28 19:46:32,807][WARN ][cluster.routing.allocation.decider] [Electric Eve] high disk watermark [10%] exceeded on [9xLzgzxgSseAT4KNug9gzg][Electric Eve] free: 790.1mb[0.6%], shards will be relocated away from this node
[2015-02-28 19:47:02,804][WARN ][cluster.routing.allocation.decider] [Electric Eve] high disk watermark [10%] exceeded on [9xLzgzxgSseAT4KNug9gzg][Electric Eve] free: 794mb[0.6%], shards will be relocated away from this node
[2015-02-28 19:47:32,806][WARN ][cluster.routing.allocation.decider] [Electric Eve] high disk watermark [10%] exceeded on [9xLzgzxgSseAT4KNug9gzg][Electric Eve] free: 795.3mb[0.6%], shards will be relocated away from this node
[2015-02-28 19:47:32,807][INFO ][cluster.routing.allocation.decider] [Electric Eve] high disk watermark exceeded on one or more nodes, rerouting shards
[2015-02-28 19:48:02,817][WARN ][cluster.routing.allocation.decider] [Electric Eve] high disk watermark [10%] exceeded on [9xLzgzxgSseAT4KNug9gzg][Electric Eve] free: 795.2mb[0.6%], shards will be relocated away from this node
[2015-02-28 19:48:32,810][WARN ][cluster.routing.allocation.decider] [Electric Eve] high disk watermark [10%] exceeded on [9xLzgzxgSseAT4KNug9gzg][Electric Eve] free: 795.1mb[0.6%], shards will be relocated away from this node
[2015-02-28 19:48:32,811][INFO ][cluster.routing.allocation.decider] [Electric Eve] high disk watermark exceeded on one or more nodes, rerouting shards
[2015-02-28 19:49:02,813][WARN ][cluster.routing.allocation.decider] [Electric Eve] high disk watermark [10%] exceeded on [9xLzgzxgSseAT4KNug9gzg][Electric Eve] free: 794.8mb[0.6%], shards will be relocated away from this node
[2015-02-28 19:49:32,813][WARN ][cluster.routing.allocation.decider] [Electric Eve] high disk watermark [10%] exceeded on [9xLzgzxgSseAT4KNug9gzg][Electric Eve] free: 793.3mb[0.6%], shards will be relocated away from this node
[2015-02-28 19:49:32,819][INFO ][cluster.routing.allocation.decider] [Electric Eve] high disk watermark exceeded on one or more nodes, rerouting shards
[2015-02-28 19:50:02,815][WARN ][cluster.routing.allocation.decider] [Electric Eve] high disk watermark [10%] exceeded on [9xLzgzxgSseAT4KNug9gzg][Electric Eve] free: 793.2mb[0.6%], shards will be relocated away from this node
[2015-02-28 19:50:32,815][WARN ][cluster.routing.allocation.decider] [Electric Eve] high disk watermark [10%] exceeded on [9xLzgzxgSseAT4KNug9gzg][Electric Eve] free: 793.2mb[0.6%], shards will be relocated away from this node
[2015-02-28 19:50:32,823][INFO ][cluster.routing.allocation.decider] [Electric Eve] high disk watermark exceeded on one or more nodes, rerouting shards
[2015-02-28 19:51:02,817][WARN ][cluster.routing.allocation.decider] [Electric Eve] high disk watermark [10%] exceeded on [9xLzgzxgSseAT4KNug9gzg][Electric Eve] free: 793.1mb[0.6%], shards will be relocated away from this node
[2015-02-28 19:51:32,819][WARN ][cluster.routing.allocation.decider] [Electric Eve] high disk watermark [10%] exceeded on [9xLzgzxgSseAT4KNug9gzg][Electric Eve] free: 795.4mb[0.6%], shards will be relocated away from this node
[2015-02-28 19:52:02,823][WARN ][cluster.routing.allocation.decider] [Electric Eve] high disk watermark [10%] exceeded on [9xLzgzxgSseAT4KNug9gzg][Electric Eve] free: 794.6mb[0.6%], shards will be relocated away from this node
[2015-02-28 19:52:02,823][INFO ][cluster.routing.allocation.decider] [Electric Eve] high disk watermark exceeded on one or more nodes, rerouting shards
[2015-02-28 19:52:32,824][WARN ][cluster.routing.allocation.decider] [Electric Eve] high disk watermark [10%] exceeded on [9xLzgzxgSseAT4KNug9gzg][Electric Eve] free: 794.5mb[0.6%], shards will be relocated away from this node
[2015-02-28 19:53:02,829][WARN ][cluster.routing.allocation.decider] [Electric Eve] high disk watermark [10%] exceeded on [9xLzgzxgSseAT4KNug9gzg][Electric Eve] free: 813.7mb[0.7%], shards will be relocated away from this node
[2015-02-28 19:53:02,832][INFO ][cluster.routing.allocation.decider] [Electric Eve] high disk watermark exceeded on one or more nodes, rerouting shards
[2015-02-28 19:53:32,827][WARN ][cluster.routing.allocation.decider] [Electric Eve] high disk watermark [10%] exceeded on [9xLzgzxgSseAT4KNug9gzg][Electric Eve] free: 814.6mb[0.7%], shards will be relocated away from this node
[2015-02-28 19:54:02,829][WARN ][cluster.routing.allocation.decider] [Electric Eve] high disk watermark [10%] exceeded on [9xLzgzxgSseAT4KNug9gzg][Electric Eve] free: 814.5mb[0.7%], shards will be relocated away from this node
[2015-02-28 19:54:32,852][WARN ][cluster.routing.allocation.decider] [Electric Eve] high disk watermark [10%] exceeded on [9xLzgzxgSseAT4KNug9gzg][Electric Eve] free: 814.5mb[0.7%], shards will be relocated away from this node
[2015-02-28 19:54:32,853][INFO ][cluster.routing.allocation.decider] [Electric Eve] high disk watermark exceeded on one or more nodes, rerouting shards
[2015-02-28 19:55:02,833][WARN ][cluster.routing.allocation.decider] [Electric Eve] high disk watermark [10%] exceeded on [9xLzgzxgSseAT4KNug9gzg][Electric Eve] free: 814.5mb[0.7%], shards will be relocated away from this node
[2015-02-28 19:55:32,834][WARN ][cluster.routing.allocation.decider] [Electric Eve] high disk watermark [10%] exceeded on [9xLzgzxgSseAT4KNug9gzg][Electric Eve] free: 814.5mb[0.7%], shards will be relocated away from this node
[2015-02-28 19:56:02,838][WARN ][cluster.routing.allocation.decider] [Electric Eve] high disk watermark [10%] exceeded on [9xLzgzxgSseAT4KNug9gzg][Electric Eve] free: 814.1mb[0.7%], shards will be relocated away from this node
[2015-02-28 19:56:02,846][INFO ][cluster.routing.allocation.decider] [Electric Eve] high disk watermark exceeded on one or more nodes, rerouting shards
[2015-02-28 19:56:32,839][WARN ][cluster.routing.allocation.decider] [Electric Eve] high disk watermark [10%] exceeded on [9xLzgzxgSseAT4KNug9gzg][Electric Eve] free: 817mb[0.7%], shards will be relocated away from this node
[2015-02-28 19:57:02,847][WARN ][cluster.routing.allocation.decider] [Electric Eve] high disk watermark [10%] exceeded on [9xLzgzxgSseAT4KNug9gzg][Electric Eve] free: 816.4mb[0.7%], shards will be relocated away from this node
[2015-02-28 19:57:02,849][INFO ][cluster.routing.allocation.decider] [Electric Eve] high disk watermark exceeded on one or more nodes, rerouting shards
[2015-02-28 19:57:32,850][WARN ][cluster.routing.allocation.decider] [Electric Eve] high disk watermark [10%] exceeded on [9xLzgzxgSseAT4KNug9gzg][Electric Eve] free: 815.9mb[0.7%], shards will be relocated away from this node
[2015-02-28 19:58:02,850][WARN ][cluster.routing.allocation.decider] [Electric Eve] high disk watermark [10%] exceeded on [9xLzgzxgSseAT4KNug9gzg][Electric Eve] free: 815.8mb[0.7%], shards will be relocated away from this node
[2015-02-28 19:58:02,851][INFO ][cluster.routing.allocation.decider] [Electric Eve] high disk watermark exceeded on one or more nodes, rerouting shards
[2015-02-28 19:58:32,854][WARN ][cluster.routing.allocation.decider] [Electric Eve] high disk watermark [10%] exceeded on [9xLzgzxgSseAT4KNug9gzg][Electric Eve] free: 815.7mb[0.7%], shards will be relocated away from this node
[2015-02-28 19:59:02,855][WARN ][cluster.routing.allocation.decider] [Electric Eve] high disk watermark [10%] exceeded on [9xLzgzxgSseAT4KNug9gzg][Electric Eve] free: 815.5mb[0.7%], shards will be relocated away from this node
[2015-02-28 19:59:02,856][INFO ][cluster.routing.allocation.decider] [Electric Eve] high disk watermark exceeded on one or more nodes, rerouting shards
[2015-02-28 19:59:32,860][WARN ][cluster.routing.allocation.decider] [Electric Eve] high disk watermark [10%] exceeded on [9xLzgzxgSseAT4KNug9gzg][Electric Eve] free: 815.5mb[0.7%], shards will be relocated away from this node
[2015-02-28 20:00:02,868][WARN ][cluster.routing.allocation.decider] [Electric Eve] high disk watermark [10%] exceeded on [9xLzgzxgSseAT4KNug9gzg][Electric Eve] free: 813.9mb[0.7%], shards will be relocated away from this node
[2015-02-28 20:00:02,876][INFO ][cluster.routing.allocation.decider] [Electric Eve] high disk watermark exceeded on one or more nodes, rerouting shards
[2015-02-28 20:00:32,867][WARN ][cluster.routing.allocation.decider] [Electric Eve] high disk watermark [10%] exceeded on [9xLzgzxgSseAT4KNug9gzg][Electric Eve] free: 813.8mb[0.7%], shards will be relocated away from this node
[2015-02-28 20:01:02,871][WARN ][cluster.routing.allocation.decider] [Electric Eve] high disk watermark [10%] exceeded on [9xLzgzxgSseAT4KNug9gzg][Electric Eve] free: 811.7mb[0.7%], shards will be relocated away from this node
[2015-02-28 20:01:32,874][WARN ][cluster.routing.allocation.decider] [Electric Eve] high disk watermark [10%] exceeded on [9xLzgzxgSseAT4KNug9gzg][Electric Eve] free: 812.4mb[0.7%], shards will be relocated away from this node
[2015-02-28 20:01:32,875][INFO ][cluster.routing.allocation.decider] [Electric Eve] high disk watermark exceeded on one or more nodes, rerouting shards
[2015-02-28 20:02:02,877][WARN ][cluster.routing.allocation.decider] [Electric Eve] high disk watermark [10%] exceeded on [9xLzgzxgSseAT4KNug9gzg][Electric Eve] free: 811.9mb[0.7%], shards will be relocated away from this node
[2015-02-28 20:02:32,883][WARN ][cluster.routing.allocation.decider] [Electric Eve] high disk watermark [10%] exceeded on [9xLzgzxgSseAT4KNug9gzg][Electric Eve] free: 811.4mb[0.7%], shards will be relocated away from this node
[2015-02-28 20:02:32,891][INFO ][cluster.routing.allocation.decider] [Electric Eve] high disk watermark exceeded on one or more nodes, rerouting shards
[2015-02-28 20:03:02,917][WARN ][cluster.routing.allocation.decider] [Electric Eve] high disk watermark [10%] exceeded on [9xLzgzxgSseAT4KNug9gzg][Electric Eve] free: 809.7mb[0.7%], shards will be relocated away from this node
[2015-02-28 20:03:32,893][WARN ][cluster.routing.allocation.decider] [Electric Eve] high disk watermark [10%] exceeded on [9xLzgzxgSseAT4KNug9gzg][Electric Eve] free: 809.4mb[0.7%], shards will be relocated away from this node
[2015-02-28 20:03:32,901][INFO ][cluster.routing.allocation.decider] [Electric Eve] high disk watermark exceeded on one or more nodes, rerouting shards
[2015-02-28 20:04:02,895][WARN ][cluster.routing.allocation.decider] [Electric Eve] high disk watermark [10%] exceeded on [9xLzgzxgSseAT4KNug9gzg][Electric Eve] free: 809mb[0.7%], shards will be relocated away from this node
[2015-02-28 20:04:32,897][WARN ][cluster.routing.allocation.decider] [Electric Eve] high disk watermark [10%] exceeded on [9xLzgzxgSseAT4KNug9gzg][Electric Eve] free: 808.8mb[0.7%], shards will be relocated away from this node
[2015-02-28 20:05:02,899][WARN ][cluster.routing.allocation.decider] [Electric Eve] high disk watermark [10%] exceeded on [9xLzgzxgSseAT4KNug9gzg][Electric Eve] free: 808.6mb[0.7%], shards will be relocated away from this node
[2015-02-28 20:05:02,900][INFO ][cluster.routing.allocation.decider] [Electric Eve] high disk watermark exceeded on one or more nodes, rerouting shards
[2015-02-28 20:05:32,911][WARN ][cluster.routing.allocation.decider] [Electric Eve] high disk watermark [10%] exceeded on [9xLzgzxgSseAT4KNug9gzg][Electric Eve] free: 809.9mb[0.7%], shards will be relocated away from this node
[2015-02-28 20:06:02,906][WARN ][cluster.routing.allocation.decider] [Electric Eve] high disk watermark [10%] exceeded on [9xLzgzxgSseAT4KNug9gzg][Electric Eve] free: 811.6mb[0.7%], shards will be relocated away from this node
[2015-02-28 20:06:02,914][INFO ][cluster.routing.allocation.decider] [Electric Eve] high disk watermark exceeded on one or more nodes, rerouting shards
[2015-02-28 20:06:13,469][INFO ][node                     ] [Electric Eve] stopping ...
[2015-02-28 20:06:13,537][INFO ][node                     ] [Electric Eve] stopped
[2015-02-28 20:06:13,537][INFO ][node                     ] [Electric Eve] closing ...
[2015-02-28 20:06:13,568][INFO ][node                     ] [Electric Eve] closed
[2015-02-28 20:07:39,792][INFO ][node                     ] [Jericho Drumm] version[1.4.4], pid[2472], build[c88f77f/2015-02-19T13:05:36Z]
[2015-02-28 20:07:39,792][INFO ][node                     ] [Jericho Drumm] initializing ...
[2015-02-28 20:07:39,805][INFO ][plugins                  ] [Jericho Drumm] loaded [], sites []
[2015-02-28 20:07:46,948][INFO ][node                     ] [Jericho Drumm] initialized
[2015-02-28 20:07:46,949][INFO ][node                     ] [Jericho Drumm] starting ...
[2015-02-28 20:07:47,586][INFO ][transport                ] [Jericho Drumm] bound_address {inet[/0:0:0:0:0:0:0:0:9300]}, publish_address {inet[/192.168.0.13:9300]}
[2015-02-28 20:07:47,669][INFO ][discovery                ] [Jericho Drumm] elasticsearch/ouYBd2tyQGKny8F4HbeFMA
[2015-02-28 20:07:51,492][INFO ][cluster.service          ] [Jericho Drumm] new_master [Jericho Drumm][ouYBd2tyQGKny8F4HbeFMA][pablotomasborda-mac.local][inet[/192.168.0.13:9300]], reason: zen-disco-join (elected_as_master)
[2015-02-28 20:07:51,560][INFO ][http                     ] [Jericho Drumm] bound_address {inet[/0:0:0:0:0:0:0:0:9200]}, publish_address {inet[/192.168.0.13:9200]}
[2015-02-28 20:07:51,561][INFO ][node                     ] [Jericho Drumm] started
[2015-02-28 20:07:51,658][INFO ][gateway                  ] [Jericho Drumm] recovered [0] indices into cluster_state
[2015-02-28 20:08:21,524][WARN ][cluster.routing.allocation.decider] [Jericho Drumm] high disk watermark [10%] exceeded on [ouYBd2tyQGKny8F4HbeFMA][Jericho Drumm] free: 823.6mb[0.7%], shards will be relocated away from this node
[2015-02-28 20:08:21,526][INFO ][cluster.routing.allocation.decider] [Jericho Drumm] high disk watermark exceeded on one or more nodes, rerouting shards
[2015-02-28 20:08:51,518][WARN ][cluster.routing.allocation.decider] [Jericho Drumm] high disk watermark [10%] exceeded on [ouYBd2tyQGKny8F4HbeFMA][Jericho Drumm] free: 828.2mb[0.7%], shards will be relocated away from this node
[2015-02-28 20:09:21,523][WARN ][cluster.routing.allocation.decider] [Jericho Drumm] high disk watermark [10%] exceeded on [ouYBd2tyQGKny8F4HbeFMA][Jericho Drumm] free: 828.1mb[0.7%], shards will be relocated away from this node
[2015-02-28 20:09:51,526][WARN ][cluster.routing.allocation.decider] [Jericho Drumm] high disk watermark [10%] exceeded on [ouYBd2tyQGKny8F4HbeFMA][Jericho Drumm] free: 828.1mb[0.7%], shards will be relocated away from this node
[2015-02-28 20:09:51,526][INFO ][cluster.routing.allocation.decider] [Jericho Drumm] high disk watermark exceeded on one or more nodes, rerouting shards
[2015-02-28 20:10:21,527][WARN ][cluster.routing.allocation.decider] [Jericho Drumm] high disk watermark [10%] exceeded on [ouYBd2tyQGKny8F4HbeFMA][Jericho Drumm] free: 826.5mb[0.7%], shards will be relocated away from this node
[2015-02-28 20:10:51,530][WARN ][cluster.routing.allocation.decider] [Jericho Drumm] high disk watermark [10%] exceeded on [ouYBd2tyQGKny8F4HbeFMA][Jericho Drumm] free: 826.4mb[0.7%], shards will be relocated away from this node
[2015-02-28 20:10:51,531][INFO ][cluster.routing.allocation.decider] [Jericho Drumm] high disk watermark exceeded on one or more nodes, rerouting shards
[2015-02-28 20:11:21,534][WARN ][cluster.routing.allocation.decider] [Jericho Drumm] high disk watermark [10%] exceeded on [ouYBd2tyQGKny8F4HbeFMA][Jericho Drumm] free: 826.5mb[0.7%], shards will be relocated away from this node
[2015-02-28 20:11:23,998][INFO ][node                     ] [Jericho Drumm] stopping ...
[2015-02-28 20:11:24,027][INFO ][node                     ] [Jericho Drumm] stopped
[2015-02-28 20:11:24,027][INFO ][node                     ] [Jericho Drumm] closing ...
[2015-02-28 20:11:24,036][INFO ][node                     ] [Jericho Drumm] closed
[2015-02-28 20:14:08,520][INFO ][node                     ] [Micromax] version[1.4.4], pid[2574], build[c88f77f/2015-02-19T13:05:36Z]
[2015-02-28 20:14:08,521][INFO ][node                     ] [Micromax] initializing ...
[2015-02-28 20:14:08,535][INFO ][plugins                  ] [Micromax] loaded [], sites [bigdesk, head]
[2015-02-28 20:14:14,156][INFO ][node                     ] [Micromax] initialized
[2015-02-28 20:14:14,156][INFO ][node                     ] [Micromax] starting ...
[2015-02-28 20:14:14,404][INFO ][transport                ] [Micromax] bound_address {inet[/0:0:0:0:0:0:0:0:9300]}, publish_address {inet[/192.168.0.13:9300]}
[2015-02-28 20:14:14,446][INFO ][discovery                ] [Micromax] elasticsearch/ex4_MZfgT32BUqdLlACRbg
[2015-02-28 20:14:18,247][INFO ][cluster.service          ] [Micromax] new_master [Micromax][ex4_MZfgT32BUqdLlACRbg][pablotomasborda-mac.local][inet[/192.168.0.13:9300]], reason: zen-disco-join (elected_as_master)
[2015-02-28 20:14:18,293][INFO ][http                     ] [Micromax] bound_address {inet[/0:0:0:0:0:0:0:0:9200]}, publish_address {inet[/192.168.0.13:9200]}
[2015-02-28 20:14:18,296][INFO ][node                     ] [Micromax] started
[2015-02-28 20:14:18,369][INFO ][gateway                  ] [Micromax] recovered [0] indices into cluster_state
[2015-02-28 20:14:48,259][WARN ][cluster.routing.allocation.decider] [Micromax] high disk watermark [10%] exceeded on [ex4_MZfgT32BUqdLlACRbg][Micromax] free: 824mb[0.7%], shards will be relocated away from this node
[2015-02-28 20:14:48,261][INFO ][cluster.routing.allocation.decider] [Micromax] high disk watermark exceeded on one or more nodes, rerouting shards
[2015-02-28 20:15:18,259][WARN ][cluster.routing.allocation.decider] [Micromax] high disk watermark [10%] exceeded on [ex4_MZfgT32BUqdLlACRbg][Micromax] free: 824.1mb[0.7%], shards will be relocated away from this node
[2015-02-28 20:15:48,258][WARN ][cluster.routing.allocation.decider] [Micromax] high disk watermark [10%] exceeded on [ex4_MZfgT32BUqdLlACRbg][Micromax] free: 823.8mb[0.7%], shards will be relocated away from this node
[2015-02-28 20:15:48,266][INFO ][cluster.routing.allocation.decider] [Micromax] high disk watermark exceeded on one or more nodes, rerouting shards
[2015-02-28 20:16:18,262][WARN ][cluster.routing.allocation.decider] [Micromax] high disk watermark [10%] exceeded on [ex4_MZfgT32BUqdLlACRbg][Micromax] free: 825.7mb[0.7%], shards will be relocated away from this node
[2015-02-28 20:16:48,266][WARN ][cluster.routing.allocation.decider] [Micromax] high disk watermark [10%] exceeded on [ex4_MZfgT32BUqdLlACRbg][Micromax] free: 824.3mb[0.7%], shards will be relocated away from this node
[2015-02-28 20:16:48,274][INFO ][cluster.routing.allocation.decider] [Micromax] high disk watermark exceeded on one or more nodes, rerouting shards
[2015-02-28 20:17:18,265][WARN ][cluster.routing.allocation.decider] [Micromax] high disk watermark [10%] exceeded on [ex4_MZfgT32BUqdLlACRbg][Micromax] free: 824mb[0.7%], shards will be relocated away from this node
[2015-02-28 20:17:48,269][WARN ][cluster.routing.allocation.decider] [Micromax] high disk watermark [10%] exceeded on [ex4_MZfgT32BUqdLlACRbg][Micromax] free: 823.9mb[0.7%], shards will be relocated away from this node
[2015-02-28 20:18:18,269][WARN ][cluster.routing.allocation.decider] [Micromax] high disk watermark [10%] exceeded on [ex4_MZfgT32BUqdLlACRbg][Micromax] free: 823.8mb[0.7%], shards will be relocated away from this node
[2015-02-28 20:18:18,269][INFO ][cluster.routing.allocation.decider] [Micromax] high disk watermark exceeded on one or more nodes, rerouting shards
[2015-02-28 20:18:48,269][WARN ][cluster.routing.allocation.decider] [Micromax] high disk watermark [10%] exceeded on [ex4_MZfgT32BUqdLlACRbg][Micromax] free: 821.3mb[0.7%], shards will be relocated away from this node
[2015-02-28 20:19:09,538][INFO ][node                     ] [Micromax] stopping ...
[2015-02-28 20:19:09,561][INFO ][node                     ] [Micromax] stopped
[2015-02-28 20:19:09,561][INFO ][node                     ] [Micromax] closing ...
[2015-02-28 20:19:09,571][INFO ][node                     ] [Micromax] closed
